The system is: Linux - 5.15.167.4-microsoft-standard-WSL2 - x86_64
Compiling the C compiler identification source file "CMakeCCompilerId.c" succeeded.
Compiler: /usr/bin/clang 
Build flags: 
Id flags:  

The output was:
0


Compilation of the C compiler identification source "CMakeCCompilerId.c" produced "a.out"

The C compiler identification is Clang, found in "/home/xm/Graduation/llvm-project/mlir/build/CMakeFiles/3.22.1/CompilerIdC/a.out"

Compiling the CXX compiler identification source file "CMakeCXXCompilerId.cpp" succeeded.
Compiler: /usr/bin/clang++ 
Build flags: 
Id flags:  

The output was:
0


Compilation of the CXX compiler identification source "CMakeCXXCompilerId.cpp" produced "a.out"

The CXX compiler identification is Clang, found in "/home/xm/Graduation/llvm-project/mlir/build/CMakeFiles/3.22.1/CompilerIdCXX/a.out"

Checking whether the ASM compiler is Clang using "--version" matched "(clang version)":
Ubuntu clang version 14.0.0-1ubuntu1.1
Target: x86_64-pc-linux-gnu
Thread model: posix
InstalledDir: /usr/bin
Detecting C compiler ABI info compiled with the following output:
Change Dir: /home/xm/Graduation/llvm-project/mlir/build/CMakeFiles/CMakeTmp

Run Build Command(s):/usr/bin/ninja cmTC_5fbb5 && [1/2] Building C object CMakeFiles/cmTC_5fbb5.dir/CMakeCCompilerABI.c.o
Ubuntu clang version 14.0.0-1ubuntu1.1
Target: x86_64-pc-linux-gnu
Thread model: posix
InstalledDir: /usr/bin
Found candidate GCC installation: /usr/bin/../lib/gcc/x86_64-linux-gnu/11
Selected GCC installation: /usr/bin/../lib/gcc/x86_64-linux-gnu/11
Candidate multilib: .;@m64
Selected multilib: .;@m64
 (in-process)
 "/usr/lib/llvm-14/bin/clang" -cc1 -triple x86_64-pc-linux-gnu -emit-obj -mrelax-all --mrelax-relocations -disable-free -clear-ast-before-backend -disable-llvm-verifier -discard-value-names -main-file-name CMakeCCompilerABI.c -mrelocation-model pic -pic-level 2 -pic-is-pie -mframe-pointer=all -fmath-errno -ffp-contract=on -fno-rounding-math -mconstructor-aliases -funwind-tables=2 -target-cpu x86-64 -tune-cpu generic -mllvm -treat-scalable-fixed-error-as-warning -debugger-tuning=gdb -v -fcoverage-compilation-dir=/home/xm/Graduation/llvm-project/mlir/build/CMakeFiles/CMakeTmp -resource-dir /usr/lib/llvm-14/lib/clang/14.0.0 -dependency-file CMakeFiles/cmTC_5fbb5.dir/CMakeCCompilerABI.c.o.d -MT CMakeFiles/cmTC_5fbb5.dir/CMakeCCompilerABI.c.o -sys-header-deps -internal-isystem /usr/lib/llvm-14/lib/clang/14.0.0/include -internal-isystem /usr/local/include -internal-isystem /usr/bin/../lib/gcc/x86_64-linux-gnu/11/../../../../x86_64-linux-gnu/include -internal-externc-isystem /usr/include/x86_64-linux-gnu -internal-externc-isystem /include -internal-externc-isystem /usr/include -fdebug-compilation-dir=/home/xm/Graduation/llvm-project/mlir/build/CMakeFiles/CMakeTmp -ferror-limit 19 -fgnuc-version=4.2.1 -faddrsig -D__GCC_HAVE_DWARF2_CFI_ASM=1 -o CMakeFiles/cmTC_5fbb5.dir/CMakeCCompilerABI.c.o -x c /usr/share/cmake-3.22/Modules/CMakeCCompilerABI.c
clang -cc1 version 14.0.0 based upon LLVM 14.0.0 default target x86_64-pc-linux-gnu
ignoring nonexistent directory "/usr/bin/../lib/gcc/x86_64-linux-gnu/11/../../../../x86_64-linux-gnu/include"
ignoring nonexistent directory "/include"
#include "..." search starts here:
#include <...> search starts here:
 /usr/lib/llvm-14/lib/clang/14.0.0/include
 /usr/local/include
 /usr/include/x86_64-linux-gnu
 /usr/include
End of search list.
[2/2] Linking C executable cmTC_5fbb5
Ubuntu clang version 14.0.0-1ubuntu1.1
Target: x86_64-pc-linux-gnu
Thread model: posix
InstalledDir: /usr/bin
Found candidate GCC installation: /usr/bin/../lib/gcc/x86_64-linux-gnu/11
Selected GCC installation: /usr/bin/../lib/gcc/x86_64-linux-gnu/11
Candidate multilib: .;@m64
Selected multilib: .;@m64
 "/usr/bin/ld" -pie -z relro --hash-style=gnu --build-id --eh-frame-hdr -m elf_x86_64 -dynamic-linker /lib64/ld-linux-x86-64.so.2 -o cmTC_5fbb5 /lib/x86_64-linux-gnu/Scrt1.o /lib/x86_64-linux-gnu/crti.o /usr/bin/../lib/gcc/x86_64-linux-gnu/11/crtbeginS.o -L/usr/bin/../lib/gcc/x86_64-linux-gnu/11 -L/usr/bin/../lib/gcc/x86_64-linux-gnu/11/../../../../lib64 -L/lib/x86_64-linux-gnu -L/lib/../lib64 -L/usr/lib/x86_64-linux-gnu -L/usr/lib/../lib64 -L/usr/lib/llvm-14/bin/../lib -L/lib -L/usr/lib CMakeFiles/cmTC_5fbb5.dir/CMakeCCompilerABI.c.o -lgcc --as-needed -lgcc_s --no-as-needed -lc -lgcc --as-needed -lgcc_s --no-as-needed /usr/bin/../lib/gcc/x86_64-linux-gnu/11/crtendS.o /lib/x86_64-linux-gnu/crtn.o



Parsed C implicit include dir info from above output: rv=done
  found start of include info
  found start of implicit include info
    add: [/usr/lib/llvm-14/lib/clang/14.0.0/include]
    add: [/usr/local/include]
    add: [/usr/include/x86_64-linux-gnu]
    add: [/usr/include]
  end of search list found
  collapse include dir [/usr/lib/llvm-14/lib/clang/14.0.0/include] ==> [/usr/lib/llvm-14/lib/clang/14.0.0/include]
  collapse include dir [/usr/local/include] ==> [/usr/local/include]
  collapse include dir [/usr/include/x86_64-linux-gnu] ==> [/usr/include/x86_64-linux-gnu]
  collapse include dir [/usr/include] ==> [/usr/include]
  implicit include dirs: [/usr/lib/llvm-14/lib/clang/14.0.0/include;/usr/local/include;/usr/include/x86_64-linux-gnu;/usr/include]


Parsed C implicit link information from above output:
  link line regex: [^( *|.*[/\])(ld\.lld|CMAKE_LINK_STARTFILE-NOTFOUND|([^/\]+-)?ld|collect2)[^/\]*( |$)]
  ignore line: [Change Dir: /home/xm/Graduation/llvm-project/mlir/build/CMakeFiles/CMakeTmp]
  ignore line: []
  ignore line: [Run Build Command(s):/usr/bin/ninja cmTC_5fbb5 && [1/2] Building C object CMakeFiles/cmTC_5fbb5.dir/CMakeCCompilerABI.c.o]
  ignore line: [Ubuntu clang version 14.0.0-1ubuntu1.1]
  ignore line: [Target: x86_64-pc-linux-gnu]
  ignore line: [Thread model: posix]
  ignore line: [InstalledDir: /usr/bin]
  ignore line: [Found candidate GCC installation: /usr/bin/../lib/gcc/x86_64-linux-gnu/11]
  ignore line: [Selected GCC installation: /usr/bin/../lib/gcc/x86_64-linux-gnu/11]
  ignore line: [Candidate multilib: .]
  ignore line: [@m64]
  ignore line: [Selected multilib: .]
  ignore line: [@m64]
  ignore line: [ (in-process)]
  ignore line: [ "/usr/lib/llvm-14/bin/clang" -cc1 -triple x86_64-pc-linux-gnu -emit-obj -mrelax-all --mrelax-relocations -disable-free -clear-ast-before-backend -disable-llvm-verifier -discard-value-names -main-file-name CMakeCCompilerABI.c -mrelocation-model pic -pic-level 2 -pic-is-pie -mframe-pointer=all -fmath-errno -ffp-contract=on -fno-rounding-math -mconstructor-aliases -funwind-tables=2 -target-cpu x86-64 -tune-cpu generic -mllvm -treat-scalable-fixed-error-as-warning -debugger-tuning=gdb -v -fcoverage-compilation-dir=/home/xm/Graduation/llvm-project/mlir/build/CMakeFiles/CMakeTmp -resource-dir /usr/lib/llvm-14/lib/clang/14.0.0 -dependency-file CMakeFiles/cmTC_5fbb5.dir/CMakeCCompilerABI.c.o.d -MT CMakeFiles/cmTC_5fbb5.dir/CMakeCCompilerABI.c.o -sys-header-deps -internal-isystem /usr/lib/llvm-14/lib/clang/14.0.0/include -internal-isystem /usr/local/include -internal-isystem /usr/bin/../lib/gcc/x86_64-linux-gnu/11/../../../../x86_64-linux-gnu/include -internal-externc-isystem /usr/include/x86_64-linux-gnu -internal-externc-isystem /include -internal-externc-isystem /usr/include -fdebug-compilation-dir=/home/xm/Graduation/llvm-project/mlir/build/CMakeFiles/CMakeTmp -ferror-limit 19 -fgnuc-version=4.2.1 -faddrsig -D__GCC_HAVE_DWARF2_CFI_ASM=1 -o CMakeFiles/cmTC_5fbb5.dir/CMakeCCompilerABI.c.o -x c /usr/share/cmake-3.22/Modules/CMakeCCompilerABI.c]
  ignore line: [clang -cc1 version 14.0.0 based upon LLVM 14.0.0 default target x86_64-pc-linux-gnu]
  ignore line: [ignoring nonexistent directory "/usr/bin/../lib/gcc/x86_64-linux-gnu/11/../../../../x86_64-linux-gnu/include"]
  ignore line: [ignoring nonexistent directory "/include"]
  ignore line: [#include "..." search starts here:]
  ignore line: [#include <...> search starts here:]
  ignore line: [ /usr/lib/llvm-14/lib/clang/14.0.0/include]
  ignore line: [ /usr/local/include]
  ignore line: [ /usr/include/x86_64-linux-gnu]
  ignore line: [ /usr/include]
  ignore line: [End of search list.]
  ignore line: [[2/2] Linking C executable cmTC_5fbb5]
  ignore line: [Ubuntu clang version 14.0.0-1ubuntu1.1]
  ignore line: [Target: x86_64-pc-linux-gnu]
  ignore line: [Thread model: posix]
  ignore line: [InstalledDir: /usr/bin]
  ignore line: [Found candidate GCC installation: /usr/bin/../lib/gcc/x86_64-linux-gnu/11]
  ignore line: [Selected GCC installation: /usr/bin/../lib/gcc/x86_64-linux-gnu/11]
  ignore line: [Candidate multilib: .]
  ignore line: [@m64]
  ignore line: [Selected multilib: .]
  ignore line: [@m64]
  link line: [ "/usr/bin/ld" -pie -z relro --hash-style=gnu --build-id --eh-frame-hdr -m elf_x86_64 -dynamic-linker /lib64/ld-linux-x86-64.so.2 -o cmTC_5fbb5 /lib/x86_64-linux-gnu/Scrt1.o /lib/x86_64-linux-gnu/crti.o /usr/bin/../lib/gcc/x86_64-linux-gnu/11/crtbeginS.o -L/usr/bin/../lib/gcc/x86_64-linux-gnu/11 -L/usr/bin/../lib/gcc/x86_64-linux-gnu/11/../../../../lib64 -L/lib/x86_64-linux-gnu -L/lib/../lib64 -L/usr/lib/x86_64-linux-gnu -L/usr/lib/../lib64 -L/usr/lib/llvm-14/bin/../lib -L/lib -L/usr/lib CMakeFiles/cmTC_5fbb5.dir/CMakeCCompilerABI.c.o -lgcc --as-needed -lgcc_s --no-as-needed -lc -lgcc --as-needed -lgcc_s --no-as-needed /usr/bin/../lib/gcc/x86_64-linux-gnu/11/crtendS.o /lib/x86_64-linux-gnu/crtn.o]
    arg [/usr/bin/ld] ==> ignore
    arg [-pie] ==> ignore
    arg [-zrelro] ==> ignore
    arg [--hash-style=gnu] ==> ignore
    arg [--build-id] ==> ignore
    arg [--eh-frame-hdr] ==> ignore
    arg [-m] ==> ignore
    arg [elf_x86_64] ==> ignore
    arg [-dynamic-linker] ==> ignore
    arg [/lib64/ld-linux-x86-64.so.2] ==> ignore
    arg [-o] ==> ignore
    arg [cmTC_5fbb5] ==> ignore
    arg [/lib/x86_64-linux-gnu/Scrt1.o] ==> obj [/lib/x86_64-linux-gnu/Scrt1.o]
    arg [/lib/x86_64-linux-gnu/crti.o] ==> obj [/lib/x86_64-linux-gnu/crti.o]
    arg [/usr/bin/../lib/gcc/x86_64-linux-gnu/11/crtbeginS.o] ==> obj [/usr/bin/../lib/gcc/x86_64-linux-gnu/11/crtbeginS.o]
    arg [-L/usr/bin/../lib/gcc/x86_64-linux-gnu/11] ==> dir [/usr/bin/../lib/gcc/x86_64-linux-gnu/11]
    arg [-L/usr/bin/../lib/gcc/x86_64-linux-gnu/11/../../../../lib64] ==> dir [/usr/bin/../lib/gcc/x86_64-linux-gnu/11/../../../../lib64]
    arg [-L/lib/x86_64-linux-gnu] ==> dir [/lib/x86_64-linux-gnu]
    arg [-L/lib/../lib64] ==> dir [/lib/../lib64]
    arg [-L/usr/lib/x86_64-linux-gnu] ==> dir [/usr/lib/x86_64-linux-gnu]
    arg [-L/usr/lib/../lib64] ==> dir [/usr/lib/../lib64]
    arg [-L/usr/lib/llvm-14/bin/../lib] ==> dir [/usr/lib/llvm-14/bin/../lib]
    arg [-L/lib] ==> dir [/lib]
    arg [-L/usr/lib] ==> dir [/usr/lib]
    arg [CMakeFiles/cmTC_5fbb5.dir/CMakeCCompilerABI.c.o] ==> ignore
    arg [-lgcc] ==> lib [gcc]
    arg [--as-needed] ==> ignore
    arg [-lgcc_s] ==> lib [gcc_s]
    arg [--no-as-needed] ==> ignore
    arg [-lc] ==> lib [c]
    arg [-lgcc] ==> lib [gcc]
    arg [--as-needed] ==> ignore
    arg [-lgcc_s] ==> lib [gcc_s]
    arg [--no-as-needed] ==> ignore
    arg [/usr/bin/../lib/gcc/x86_64-linux-gnu/11/crtendS.o] ==> obj [/usr/bin/../lib/gcc/x86_64-linux-gnu/11/crtendS.o]
    arg [/lib/x86_64-linux-gnu/crtn.o] ==> obj [/lib/x86_64-linux-gnu/crtn.o]
  collapse obj [/usr/bin/../lib/gcc/x86_64-linux-gnu/11/crtbeginS.o] ==> [/usr/lib/gcc/x86_64-linux-gnu/11/crtbeginS.o]
  collapse obj [/usr/bin/../lib/gcc/x86_64-linux-gnu/11/crtendS.o] ==> [/usr/lib/gcc/x86_64-linux-gnu/11/crtendS.o]
  collapse library dir [/usr/bin/../lib/gcc/x86_64-linux-gnu/11] ==> [/usr/lib/gcc/x86_64-linux-gnu/11]
  collapse library dir [/usr/bin/../lib/gcc/x86_64-linux-gnu/11/../../../../lib64] ==> [/usr/lib64]
  collapse library dir [/lib/x86_64-linux-gnu] ==> [/lib/x86_64-linux-gnu]
  collapse library dir [/lib/../lib64] ==> [/lib64]
  collapse library dir [/usr/lib/x86_64-linux-gnu] ==> [/usr/lib/x86_64-linux-gnu]
  collapse library dir [/usr/lib/../lib64] ==> [/usr/lib64]
  collapse library dir [/usr/lib/llvm-14/bin/../lib] ==> [/usr/lib/llvm-14/lib]
  collapse library dir [/lib] ==> [/lib]
  collapse library dir [/usr/lib] ==> [/usr/lib]
  implicit libs: [gcc;gcc_s;c;gcc;gcc_s]
  implicit objs: [/lib/x86_64-linux-gnu/Scrt1.o;/lib/x86_64-linux-gnu/crti.o;/usr/lib/gcc/x86_64-linux-gnu/11/crtbeginS.o;/usr/lib/gcc/x86_64-linux-gnu/11/crtendS.o;/lib/x86_64-linux-gnu/crtn.o]
  implicit dirs: [/usr/lib/gcc/x86_64-linux-gnu/11;/usr/lib64;/lib/x86_64-linux-gnu;/lib64;/usr/lib/x86_64-linux-gnu;/usr/lib/llvm-14/lib;/lib;/usr/lib]
  implicit fwks: []


Detecting CXX compiler ABI info compiled with the following output:
Change Dir: /home/xm/Graduation/llvm-project/mlir/build/CMakeFiles/CMakeTmp

Run Build Command(s):/usr/bin/ninja cmTC_f2614 && [1/2] Building CXX object CMakeFiles/cmTC_f2614.dir/CMakeCXXCompilerABI.cpp.o
Ubuntu clang version 14.0.0-1ubuntu1.1
Target: x86_64-pc-linux-gnu
Thread model: posix
InstalledDir: /usr/bin
Found candidate GCC installation: /usr/bin/../lib/gcc/x86_64-linux-gnu/11
Selected GCC installation: /usr/bin/../lib/gcc/x86_64-linux-gnu/11
Candidate multilib: .;@m64
Selected multilib: .;@m64
 (in-process)
 "/usr/lib/llvm-14/bin/clang" -cc1 -triple x86_64-pc-linux-gnu -emit-obj -mrelax-all --mrelax-relocations -disable-free -clear-ast-before-backend -disable-llvm-verifier -discard-value-names -main-file-name CMakeCXXCompilerABI.cpp -mrelocation-model pic -pic-level 2 -pic-is-pie -mframe-pointer=all -fmath-errno -ffp-contract=on -fno-rounding-math -mconstructor-aliases -funwind-tables=2 -target-cpu x86-64 -tune-cpu generic -mllvm -treat-scalable-fixed-error-as-warning -debugger-tuning=gdb -v -fcoverage-compilation-dir=/home/xm/Graduation/llvm-project/mlir/build/CMakeFiles/CMakeTmp -resource-dir /usr/lib/llvm-14/lib/clang/14.0.0 -dependency-file CMakeFiles/cmTC_f2614.dir/CMakeCXXCompilerABI.cpp.o.d -MT CMakeFiles/cmTC_f2614.dir/CMakeCXXCompilerABI.cpp.o -sys-header-deps -internal-isystem /usr/bin/../lib/gcc/x86_64-linux-gnu/11/../../../../include/c++/11 -internal-isystem /usr/bin/../lib/gcc/x86_64-linux-gnu/11/../../../../include/x86_64-linux-gnu/c++/11 -internal-isystem /usr/bin/../lib/gcc/x86_64-linux-gnu/11/../../../../include/c++/11/backward -internal-isystem /usr/lib/llvm-14/lib/clang/14.0.0/include -internal-isystem /usr/local/include -internal-isystem /usr/bin/../lib/gcc/x86_64-linux-gnu/11/../../../../x86_64-linux-gnu/include -internal-externc-isystem /usr/include/x86_64-linux-gnu -internal-externc-isystem /include -internal-externc-isystem /usr/include -fdeprecated-macro -fdebug-compilation-dir=/home/xm/Graduation/llvm-project/mlir/build/CMakeFiles/CMakeTmp -ferror-limit 19 -fgnuc-version=4.2.1 -fcxx-exceptions -fexceptions -faddrsig -D__GCC_HAVE_DWARF2_CFI_ASM=1 -o CMakeFiles/cmTC_f2614.dir/CMakeCXXCompilerABI.cpp.o -x c++ /usr/share/cmake-3.22/Modules/CMakeCXXCompilerABI.cpp
clang -cc1 version 14.0.0 based upon LLVM 14.0.0 default target x86_64-pc-linux-gnu
ignoring nonexistent directory "/usr/bin/../lib/gcc/x86_64-linux-gnu/11/../../../../x86_64-linux-gnu/include"
ignoring nonexistent directory "/include"
#include "..." search starts here:
#include <...> search starts here:
 /usr/bin/../lib/gcc/x86_64-linux-gnu/11/../../../../include/c++/11
 /usr/bin/../lib/gcc/x86_64-linux-gnu/11/../../../../include/x86_64-linux-gnu/c++/11
 /usr/bin/../lib/gcc/x86_64-linux-gnu/11/../../../../include/c++/11/backward
 /usr/lib/llvm-14/lib/clang/14.0.0/include
 /usr/local/include
 /usr/include/x86_64-linux-gnu
 /usr/include
End of search list.
[2/2] Linking CXX executable cmTC_f2614
Ubuntu clang version 14.0.0-1ubuntu1.1
Target: x86_64-pc-linux-gnu
Thread model: posix
InstalledDir: /usr/bin
Found candidate GCC installation: /usr/bin/../lib/gcc/x86_64-linux-gnu/11
Selected GCC installation: /usr/bin/../lib/gcc/x86_64-linux-gnu/11
Candidate multilib: .;@m64
Selected multilib: .;@m64
 "/usr/bin/ld" -pie -z relro --hash-style=gnu --build-id --eh-frame-hdr -m elf_x86_64 -dynamic-linker /lib64/ld-linux-x86-64.so.2 -o cmTC_f2614 /lib/x86_64-linux-gnu/Scrt1.o /lib/x86_64-linux-gnu/crti.o /usr/bin/../lib/gcc/x86_64-linux-gnu/11/crtbeginS.o -L/usr/bin/../lib/gcc/x86_64-linux-gnu/11 -L/usr/bin/../lib/gcc/x86_64-linux-gnu/11/../../../../lib64 -L/lib/x86_64-linux-gnu -L/lib/../lib64 -L/usr/lib/x86_64-linux-gnu -L/usr/lib/../lib64 -L/usr/lib/llvm-14/bin/../lib -L/lib -L/usr/lib CMakeFiles/cmTC_f2614.dir/CMakeCXXCompilerABI.cpp.o -lstdc++ -lm -lgcc_s -lgcc -lc -lgcc_s -lgcc /usr/bin/../lib/gcc/x86_64-linux-gnu/11/crtendS.o /lib/x86_64-linux-gnu/crtn.o



Parsed CXX implicit include dir info from above output: rv=done
  found start of include info
  found start of implicit include info
    add: [/usr/bin/../lib/gcc/x86_64-linux-gnu/11/../../../../include/c++/11]
    add: [/usr/bin/../lib/gcc/x86_64-linux-gnu/11/../../../../include/x86_64-linux-gnu/c++/11]
    add: [/usr/bin/../lib/gcc/x86_64-linux-gnu/11/../../../../include/c++/11/backward]
    add: [/usr/lib/llvm-14/lib/clang/14.0.0/include]
    add: [/usr/local/include]
    add: [/usr/include/x86_64-linux-gnu]
    add: [/usr/include]
  end of search list found
  collapse include dir [/usr/bin/../lib/gcc/x86_64-linux-gnu/11/../../../../include/c++/11] ==> [/usr/include/c++/11]
  collapse include dir [/usr/bin/../lib/gcc/x86_64-linux-gnu/11/../../../../include/x86_64-linux-gnu/c++/11] ==> [/usr/include/x86_64-linux-gnu/c++/11]
  collapse include dir [/usr/bin/../lib/gcc/x86_64-linux-gnu/11/../../../../include/c++/11/backward] ==> [/usr/include/c++/11/backward]
  collapse include dir [/usr/lib/llvm-14/lib/clang/14.0.0/include] ==> [/usr/lib/llvm-14/lib/clang/14.0.0/include]
  collapse include dir [/usr/local/include] ==> [/usr/local/include]
  collapse include dir [/usr/include/x86_64-linux-gnu] ==> [/usr/include/x86_64-linux-gnu]
  collapse include dir [/usr/include] ==> [/usr/include]
  implicit include dirs: [/usr/include/c++/11;/usr/include/x86_64-linux-gnu/c++/11;/usr/include/c++/11/backward;/usr/lib/llvm-14/lib/clang/14.0.0/include;/usr/local/include;/usr/include/x86_64-linux-gnu;/usr/include]


Parsed CXX implicit link information from above output:
  link line regex: [^( *|.*[/\])(ld\.lld|CMAKE_LINK_STARTFILE-NOTFOUND|([^/\]+-)?ld|collect2)[^/\]*( |$)]
  ignore line: [Change Dir: /home/xm/Graduation/llvm-project/mlir/build/CMakeFiles/CMakeTmp]
  ignore line: []
  ignore line: [Run Build Command(s):/usr/bin/ninja cmTC_f2614 && [1/2] Building CXX object CMakeFiles/cmTC_f2614.dir/CMakeCXXCompilerABI.cpp.o]
  ignore line: [Ubuntu clang version 14.0.0-1ubuntu1.1]
  ignore line: [Target: x86_64-pc-linux-gnu]
  ignore line: [Thread model: posix]
  ignore line: [InstalledDir: /usr/bin]
  ignore line: [Found candidate GCC installation: /usr/bin/../lib/gcc/x86_64-linux-gnu/11]
  ignore line: [Selected GCC installation: /usr/bin/../lib/gcc/x86_64-linux-gnu/11]
  ignore line: [Candidate multilib: .]
  ignore line: [@m64]
  ignore line: [Selected multilib: .]
  ignore line: [@m64]
  ignore line: [ (in-process)]
  ignore line: [ "/usr/lib/llvm-14/bin/clang" -cc1 -triple x86_64-pc-linux-gnu -emit-obj -mrelax-all --mrelax-relocations -disable-free -clear-ast-before-backend -disable-llvm-verifier -discard-value-names -main-file-name CMakeCXXCompilerABI.cpp -mrelocation-model pic -pic-level 2 -pic-is-pie -mframe-pointer=all -fmath-errno -ffp-contract=on -fno-rounding-math -mconstructor-aliases -funwind-tables=2 -target-cpu x86-64 -tune-cpu generic -mllvm -treat-scalable-fixed-error-as-warning -debugger-tuning=gdb -v -fcoverage-compilation-dir=/home/xm/Graduation/llvm-project/mlir/build/CMakeFiles/CMakeTmp -resource-dir /usr/lib/llvm-14/lib/clang/14.0.0 -dependency-file CMakeFiles/cmTC_f2614.dir/CMakeCXXCompilerABI.cpp.o.d -MT CMakeFiles/cmTC_f2614.dir/CMakeCXXCompilerABI.cpp.o -sys-header-deps -internal-isystem /usr/bin/../lib/gcc/x86_64-linux-gnu/11/../../../../include/c++/11 -internal-isystem /usr/bin/../lib/gcc/x86_64-linux-gnu/11/../../../../include/x86_64-linux-gnu/c++/11 -internal-isystem /usr/bin/../lib/gcc/x86_64-linux-gnu/11/../../../../include/c++/11/backward -internal-isystem /usr/lib/llvm-14/lib/clang/14.0.0/include -internal-isystem /usr/local/include -internal-isystem /usr/bin/../lib/gcc/x86_64-linux-gnu/11/../../../../x86_64-linux-gnu/include -internal-externc-isystem /usr/include/x86_64-linux-gnu -internal-externc-isystem /include -internal-externc-isystem /usr/include -fdeprecated-macro -fdebug-compilation-dir=/home/xm/Graduation/llvm-project/mlir/build/CMakeFiles/CMakeTmp -ferror-limit 19 -fgnuc-version=4.2.1 -fcxx-exceptions -fexceptions -faddrsig -D__GCC_HAVE_DWARF2_CFI_ASM=1 -o CMakeFiles/cmTC_f2614.dir/CMakeCXXCompilerABI.cpp.o -x c++ /usr/share/cmake-3.22/Modules/CMakeCXXCompilerABI.cpp]
  ignore line: [clang -cc1 version 14.0.0 based upon LLVM 14.0.0 default target x86_64-pc-linux-gnu]
  ignore line: [ignoring nonexistent directory "/usr/bin/../lib/gcc/x86_64-linux-gnu/11/../../../../x86_64-linux-gnu/include"]
  ignore line: [ignoring nonexistent directory "/include"]
  ignore line: [#include "..." search starts here:]
  ignore line: [#include <...> search starts here:]
  ignore line: [ /usr/bin/../lib/gcc/x86_64-linux-gnu/11/../../../../include/c++/11]
  ignore line: [ /usr/bin/../lib/gcc/x86_64-linux-gnu/11/../../../../include/x86_64-linux-gnu/c++/11]
  ignore line: [ /usr/bin/../lib/gcc/x86_64-linux-gnu/11/../../../../include/c++/11/backward]
  ignore line: [ /usr/lib/llvm-14/lib/clang/14.0.0/include]
  ignore line: [ /usr/local/include]
  ignore line: [ /usr/include/x86_64-linux-gnu]
  ignore line: [ /usr/include]
  ignore line: [End of search list.]
  ignore line: [[2/2] Linking CXX executable cmTC_f2614]
  ignore line: [Ubuntu clang version 14.0.0-1ubuntu1.1]
  ignore line: [Target: x86_64-pc-linux-gnu]
  ignore line: [Thread model: posix]
  ignore line: [InstalledDir: /usr/bin]
  ignore line: [Found candidate GCC installation: /usr/bin/../lib/gcc/x86_64-linux-gnu/11]
  ignore line: [Selected GCC installation: /usr/bin/../lib/gcc/x86_64-linux-gnu/11]
  ignore line: [Candidate multilib: .]
  ignore line: [@m64]
  ignore line: [Selected multilib: .]
  ignore line: [@m64]
  link line: [ "/usr/bin/ld" -pie -z relro --hash-style=gnu --build-id --eh-frame-hdr -m elf_x86_64 -dynamic-linker /lib64/ld-linux-x86-64.so.2 -o cmTC_f2614 /lib/x86_64-linux-gnu/Scrt1.o /lib/x86_64-linux-gnu/crti.o /usr/bin/../lib/gcc/x86_64-linux-gnu/11/crtbeginS.o -L/usr/bin/../lib/gcc/x86_64-linux-gnu/11 -L/usr/bin/../lib/gcc/x86_64-linux-gnu/11/../../../../lib64 -L/lib/x86_64-linux-gnu -L/lib/../lib64 -L/usr/lib/x86_64-linux-gnu -L/usr/lib/../lib64 -L/usr/lib/llvm-14/bin/../lib -L/lib -L/usr/lib CMakeFiles/cmTC_f2614.dir/CMakeCXXCompilerABI.cpp.o -lstdc++ -lm -lgcc_s -lgcc -lc -lgcc_s -lgcc /usr/bin/../lib/gcc/x86_64-linux-gnu/11/crtendS.o /lib/x86_64-linux-gnu/crtn.o]
    arg [/usr/bin/ld] ==> ignore
    arg [-pie] ==> ignore
    arg [-zrelro] ==> ignore
    arg [--hash-style=gnu] ==> ignore
    arg [--build-id] ==> ignore
    arg [--eh-frame-hdr] ==> ignore
    arg [-m] ==> ignore
    arg [elf_x86_64] ==> ignore
    arg [-dynamic-linker] ==> ignore
    arg [/lib64/ld-linux-x86-64.so.2] ==> ignore
    arg [-o] ==> ignore
    arg [cmTC_f2614] ==> ignore
    arg [/lib/x86_64-linux-gnu/Scrt1.o] ==> obj [/lib/x86_64-linux-gnu/Scrt1.o]
    arg [/lib/x86_64-linux-gnu/crti.o] ==> obj [/lib/x86_64-linux-gnu/crti.o]
    arg [/usr/bin/../lib/gcc/x86_64-linux-gnu/11/crtbeginS.o] ==> obj [/usr/bin/../lib/gcc/x86_64-linux-gnu/11/crtbeginS.o]
    arg [-L/usr/bin/../lib/gcc/x86_64-linux-gnu/11] ==> dir [/usr/bin/../lib/gcc/x86_64-linux-gnu/11]
    arg [-L/usr/bin/../lib/gcc/x86_64-linux-gnu/11/../../../../lib64] ==> dir [/usr/bin/../lib/gcc/x86_64-linux-gnu/11/../../../../lib64]
    arg [-L/lib/x86_64-linux-gnu] ==> dir [/lib/x86_64-linux-gnu]
    arg [-L/lib/../lib64] ==> dir [/lib/../lib64]
    arg [-L/usr/lib/x86_64-linux-gnu] ==> dir [/usr/lib/x86_64-linux-gnu]
    arg [-L/usr/lib/../lib64] ==> dir [/usr/lib/../lib64]
    arg [-L/usr/lib/llvm-14/bin/../lib] ==> dir [/usr/lib/llvm-14/bin/../lib]
    arg [-L/lib] ==> dir [/lib]
    arg [-L/usr/lib] ==> dir [/usr/lib]
    arg [CMakeFiles/cmTC_f2614.dir/CMakeCXXCompilerABI.cpp.o] ==> ignore
    arg [-lstdc++] ==> lib [stdc++]
    arg [-lm] ==> lib [m]
    arg [-lgcc_s] ==> lib [gcc_s]
    arg [-lgcc] ==> lib [gcc]
    arg [-lc] ==> lib [c]
    arg [-lgcc_s] ==> lib [gcc_s]
    arg [-lgcc] ==> lib [gcc]
    arg [/usr/bin/../lib/gcc/x86_64-linux-gnu/11/crtendS.o] ==> obj [/usr/bin/../lib/gcc/x86_64-linux-gnu/11/crtendS.o]
    arg [/lib/x86_64-linux-gnu/crtn.o] ==> obj [/lib/x86_64-linux-gnu/crtn.o]
  collapse obj [/usr/bin/../lib/gcc/x86_64-linux-gnu/11/crtbeginS.o] ==> [/usr/lib/gcc/x86_64-linux-gnu/11/crtbeginS.o]
  collapse obj [/usr/bin/../lib/gcc/x86_64-linux-gnu/11/crtendS.o] ==> [/usr/lib/gcc/x86_64-linux-gnu/11/crtendS.o]
  collapse library dir [/usr/bin/../lib/gcc/x86_64-linux-gnu/11] ==> [/usr/lib/gcc/x86_64-linux-gnu/11]
  collapse library dir [/usr/bin/../lib/gcc/x86_64-linux-gnu/11/../../../../lib64] ==> [/usr/lib64]
  collapse library dir [/lib/x86_64-linux-gnu] ==> [/lib/x86_64-linux-gnu]
  collapse library dir [/lib/../lib64] ==> [/lib64]
  collapse library dir [/usr/lib/x86_64-linux-gnu] ==> [/usr/lib/x86_64-linux-gnu]
  collapse library dir [/usr/lib/../lib64] ==> [/usr/lib64]
  collapse library dir [/usr/lib/llvm-14/bin/../lib] ==> [/usr/lib/llvm-14/lib]
  collapse library dir [/lib] ==> [/lib]
  collapse library dir [/usr/lib] ==> [/usr/lib]
  implicit libs: [stdc++;m;gcc_s;gcc;c;gcc_s;gcc]
  implicit objs: [/lib/x86_64-linux-gnu/Scrt1.o;/lib/x86_64-linux-gnu/crti.o;/usr/lib/gcc/x86_64-linux-gnu/11/crtbeginS.o;/usr/lib/gcc/x86_64-linux-gnu/11/crtendS.o;/lib/x86_64-linux-gnu/crtn.o]
  implicit dirs: [/usr/lib/gcc/x86_64-linux-gnu/11;/usr/lib64;/lib/x86_64-linux-gnu;/lib64;/usr/lib/x86_64-linux-gnu;/usr/lib/llvm-14/lib;/lib;/usr/lib]
  implicit fwks: []


Performing C++ SOURCE FILE Test LLVM_LIBSTDCXX_MIN succeeded with the following output:
Change Dir: /home/xm/Graduation/llvm-project/mlir/build/CMakeFiles/CMakeTmp

Run Build Command(s):/usr/bin/ninja cmTC_55b08 && [1/2] Building CXX object CMakeFiles/cmTC_55b08.dir/src.cxx.o
[2/2] Linking CXX executable cmTC_55b08


Source file was:

#include <iosfwd>
#if defined(__GLIBCXX__)
#if !defined(_GLIBCXX_RELEASE) || _GLIBCXX_RELEASE < 7
#error Unsupported libstdc++ version
#endif
#endif
int main() { return 0; }

Performing C++ SOURCE FILE Test LLVM_LIBSTDCXX_SOFT_ERROR succeeded with the following output:
Change Dir: /home/xm/Graduation/llvm-project/mlir/build/CMakeFiles/CMakeTmp

Run Build Command(s):/usr/bin/ninja cmTC_d8d8d && [1/2] Building CXX object CMakeFiles/cmTC_d8d8d.dir/src.cxx.o
[2/2] Linking CXX executable cmTC_d8d8d


Source file was:

#include <iosfwd>
#if defined(__GLIBCXX__)
#if !defined(_GLIBCXX_RELEASE) || _GLIBCXX_RELEASE < 7
#error Unsupported libstdc++ version
#endif
#endif
int main() { return 0; }

Determining if the __GLIBC__ exist passed with the following output:
Change Dir: /home/xm/Graduation/llvm-project/mlir/build/CMakeFiles/CMakeTmp

Run Build Command(s):/usr/bin/ninja cmTC_3d031 && [1/2] Building C object CMakeFiles/cmTC_3d031.dir/CheckSymbolExists.c.o
[2/2] Linking C executable cmTC_3d031


File /home/xm/Graduation/llvm-project/mlir/build/CMakeFiles/CMakeTmp/CheckSymbolExists.c:
/* */
#include <stdio.h>

int main(int argc, char** argv)
{
  (void)argv;
#ifndef __GLIBC__
  return ((int*)(&__GLIBC__))[argc];
#else
  (void)argc;
  return 0;
#endif
}
Determining if the FE_ALL_EXCEPT exist passed with the following output:
Change Dir: /home/xm/Graduation/llvm-project/mlir/build/CMakeFiles/CMakeTmp

Run Build Command(s):/usr/bin/ninja cmTC_691fd && [1/2] Building C object CMakeFiles/cmTC_691fd.dir/CheckSymbolExists.c.o
[2/2] Linking C executable cmTC_691fd


File /home/xm/Graduation/llvm-project/mlir/build/CMakeFiles/CMakeTmp/CheckSymbolExists.c:
/* */
#include <fenv.h>

int main(int argc, char** argv)
{
  (void)argv;
#ifndef FE_ALL_EXCEPT
  return ((int*)(&FE_ALL_EXCEPT))[argc];
#else
  (void)argc;
  return 0;
#endif
}
Determining if the FE_INEXACT exist passed with the following output:
Change Dir: /home/xm/Graduation/llvm-project/mlir/build/CMakeFiles/CMakeTmp

Run Build Command(s):/usr/bin/ninja cmTC_dc275 && [1/2] Building C object CMakeFiles/cmTC_dc275.dir/CheckSymbolExists.c.o
[2/2] Linking C executable cmTC_dc275


File /home/xm/Graduation/llvm-project/mlir/build/CMakeFiles/CMakeTmp/CheckSymbolExists.c:
/* */
#include <fenv.h>

int main(int argc, char** argv)
{
  (void)argv;
#ifndef FE_INEXACT
  return ((int*)(&FE_INEXACT))[argc];
#else
  (void)argc;
  return 0;
#endif
}
Performing C SOURCE FILE Test HAVE_BUILTIN_THREAD_POINTER succeeded with the following output:
Change Dir: /home/xm/Graduation/llvm-project/mlir/build/CMakeFiles/CMakeTmp

Run Build Command(s):/usr/bin/ninja cmTC_4fa69 && [1/2] Building C object CMakeFiles/cmTC_4fa69.dir/src.c.o
[2/2] Linking C executable cmTC_4fa69


Source file was:

        #if __has_attribute(used)
        #define LLVM_ATTRIBUTE_USED __attribute__((__used__))
        #else
        #define LLVM_ATTRIBUTE_USED
        #endif
        LLVM_ATTRIBUTE_USED void *foo() {
          return __builtin_thread_pointer();
        }
        int main(void) { return 0; }
Determining if the include file linux/magic.h exists passed with the following output:
Change Dir: /home/xm/Graduation/llvm-project/mlir/build/CMakeFiles/CMakeTmp

Run Build Command(s):/usr/bin/ninja cmTC_04f1e && [1/2] Building C object CMakeFiles/cmTC_04f1e.dir/CheckIncludeFile.c.o
[2/2] Linking C executable cmTC_04f1e



Determining if the function pthread_create exists in the pthread passed with the following output:
Change Dir: /home/xm/Graduation/llvm-project/mlir/build/CMakeFiles/CMakeTmp

Run Build Command(s):/usr/bin/ninja cmTC_69f0a && [1/2] Building C object CMakeFiles/cmTC_69f0a.dir/CheckFunctionExists.c.o
[2/2] Linking C executable cmTC_69f0a



Determining if the function pthread_rwlock_init exists in the pthread passed with the following output:
Change Dir: /home/xm/Graduation/llvm-project/mlir/build/CMakeFiles/CMakeTmp

Run Build Command(s):/usr/bin/ninja cmTC_34007 && [1/2] Building C object CMakeFiles/cmTC_34007.dir/CheckFunctionExists.c.o
[2/2] Linking C executable cmTC_34007



Determining if the function pthread_mutex_lock exists in the pthread passed with the following output:
Change Dir: /home/xm/Graduation/llvm-project/mlir/build/CMakeFiles/CMakeTmp

Run Build Command(s):/usr/bin/ninja cmTC_94eb4 && [1/2] Building C object CMakeFiles/cmTC_94eb4.dir/CheckFunctionExists.c.o
[2/2] Linking C executable cmTC_94eb4



Determining if the function dlopen exists in the dl passed with the following output:
Change Dir: /home/xm/Graduation/llvm-project/mlir/build/CMakeFiles/CMakeTmp

Run Build Command(s):/usr/bin/ninja cmTC_4c5da && [1/2] Building C object CMakeFiles/cmTC_4c5da.dir/CheckFunctionExists.c.o
[2/2] Linking C executable cmTC_4c5da



Determining if the function shm_open exists in the rt passed with the following output:
Change Dir: /home/xm/Graduation/llvm-project/mlir/build/CMakeFiles/CMakeTmp

Run Build Command(s):/usr/bin/ninja cmTC_d3997 && [1/2] Building C object CMakeFiles/cmTC_d3997.dir/CheckFunctionExists.c.o
[2/2] Linking C executable cmTC_d3997



Determining if the include file pthread.h exists passed with the following output:
Change Dir: /home/xm/Graduation/llvm-project/mlir/build/CMakeFiles/CMakeTmp

Run Build Command(s):/usr/bin/ninja cmTC_287cb && [1/2] Building C object CMakeFiles/cmTC_287cb.dir/CheckIncludeFile.c.o
[2/2] Linking C executable cmTC_287cb



Performing C SOURCE FILE Test CMAKE_HAVE_LIBC_PTHREAD succeeded with the following output:
Change Dir: /home/xm/Graduation/llvm-project/mlir/build/CMakeFiles/CMakeTmp

Run Build Command(s):/usr/bin/ninja cmTC_2bc88 && [1/2] Building C object CMakeFiles/cmTC_2bc88.dir/src.c.o
[2/2] Linking C executable cmTC_2bc88


Source file was:
#include <pthread.h>

static void* test_func(void* data)
{
  return data;
}

int main(void)
{
  pthread_t thread;
  pthread_create(&thread, NULL, test_func, NULL);
  pthread_detach(thread);
  pthread_cancel(thread);
  pthread_join(thread, NULL);
  pthread_atfork(NULL, NULL, NULL);
  pthread_exit(NULL);

  return 0;
}

Determining if the xmlReadMemory exist passed with the following output:
Change Dir: /home/xm/Graduation/llvm-project/mlir/build/CMakeFiles/CMakeTmp

Run Build Command(s):/usr/bin/ninja cmTC_45b3a && [1/2] Building C object CMakeFiles/cmTC_45b3a.dir/CheckSymbolExists.c.o
[2/2] Linking C executable cmTC_45b3a


File /home/xm/Graduation/llvm-project/mlir/build/CMakeFiles/CMakeTmp/CheckSymbolExists.c:
/* */
#include <libxml/xmlreader.h>

int main(int argc, char** argv)
{
  (void)argv;
#ifndef xmlReadMemory
  return ((int*)(&xmlReadMemory))[argc];
#else
  (void)argc;
  return 0;
#endif
}
Determining if the backtrace exist passed with the following output:
Change Dir: /home/xm/Graduation/llvm-project/mlir/build/CMakeFiles/CMakeTmp

Run Build Command(s):/usr/bin/ninja cmTC_eef34 && [1/2] Building C object CMakeFiles/cmTC_eef34.dir/CheckSymbolExists.c.o
[2/2] Linking C executable cmTC_eef34


File /home/xm/Graduation/llvm-project/mlir/build/CMakeFiles/CMakeTmp/CheckSymbolExists.c:
/* */
#include <execinfo.h>

int main(int argc, char** argv)
{
  (void)argv;
#ifndef backtrace
  return ((int*)(&backtrace))[argc];
#else
  (void)argc;
  return 0;
#endif
}
Performing C SOURCE FILE Test C_SUPPORTS_WERROR_UNGUARDED_AVAILABILITY_NEW succeeded with the following output:
Change Dir: /home/xm/Graduation/llvm-project/mlir/build/CMakeFiles/CMakeTmp

Run Build Command(s):/usr/bin/ninja cmTC_8e949 && [1/2] Building C object CMakeFiles/cmTC_8e949.dir/src.c.o
[2/2] Linking C executable cmTC_8e949


Source file was:
int main(void) { return 0; }
Determining if the __register_frame exist passed with the following output:
Change Dir: /home/xm/Graduation/llvm-project/mlir/build/CMakeFiles/CMakeTmp

Run Build Command(s):/usr/bin/ninja cmTC_102e2 && [1/2] Building C object CMakeFiles/cmTC_102e2.dir/CheckSymbolExists.c.o
[2/2] Linking C executable cmTC_102e2


File /home/xm/Graduation/llvm-project/mlir/build/CMakeFiles/CMakeTmp/CheckSymbolExists.c:
/* */
#include </home/xm/Graduation/llvm-project/llvm/cmake/unwind.h>

int main(int argc, char** argv)
{
  (void)argv;
#ifndef __register_frame
  return ((int*)(&__register_frame))[argc];
#else
  (void)argc;
  return 0;
#endif
}
Determining if the __deregister_frame exist passed with the following output:
Change Dir: /home/xm/Graduation/llvm-project/mlir/build/CMakeFiles/CMakeTmp

Run Build Command(s):/usr/bin/ninja cmTC_677d6 && [1/2] Building C object CMakeFiles/cmTC_677d6.dir/CheckSymbolExists.c.o
[2/2] Linking C executable cmTC_677d6


File /home/xm/Graduation/llvm-project/mlir/build/CMakeFiles/CMakeTmp/CheckSymbolExists.c:
/* */
#include </home/xm/Graduation/llvm-project/llvm/cmake/unwind.h>

int main(int argc, char** argv)
{
  (void)argv;
#ifndef __deregister_frame
  return ((int*)(&__deregister_frame))[argc];
#else
  (void)argc;
  return 0;
#endif
}
Determining if the _Unwind_Backtrace exist passed with the following output:
Change Dir: /home/xm/Graduation/llvm-project/mlir/build/CMakeFiles/CMakeTmp

Run Build Command(s):/usr/bin/ninja cmTC_d0f83 && [1/2] Building C object CMakeFiles/cmTC_d0f83.dir/CheckSymbolExists.c.o
[2/2] Linking C executable cmTC_d0f83


File /home/xm/Graduation/llvm-project/mlir/build/CMakeFiles/CMakeTmp/CheckSymbolExists.c:
/* */
#include <unwind.h>

int main(int argc, char** argv)
{
  (void)argv;
#ifndef _Unwind_Backtrace
  return ((int*)(&_Unwind_Backtrace))[argc];
#else
  (void)argc;
  return 0;
#endif
}
Determining if the getpagesize exist passed with the following output:
Change Dir: /home/xm/Graduation/llvm-project/mlir/build/CMakeFiles/CMakeTmp

Run Build Command(s):/usr/bin/ninja cmTC_e5ace && [1/2] Building C object CMakeFiles/cmTC_e5ace.dir/CheckSymbolExists.c.o
[2/2] Linking C executable cmTC_e5ace


File /home/xm/Graduation/llvm-project/mlir/build/CMakeFiles/CMakeTmp/CheckSymbolExists.c:
/* */
#include <unistd.h>

int main(int argc, char** argv)
{
  (void)argv;
#ifndef getpagesize
  return ((int*)(&getpagesize))[argc];
#else
  (void)argc;
  return 0;
#endif
}
Determining if the sysconf exist passed with the following output:
Change Dir: /home/xm/Graduation/llvm-project/mlir/build/CMakeFiles/CMakeTmp

Run Build Command(s):/usr/bin/ninja cmTC_52daa && [1/2] Building C object CMakeFiles/cmTC_52daa.dir/CheckSymbolExists.c.o
[2/2] Linking C executable cmTC_52daa


File /home/xm/Graduation/llvm-project/mlir/build/CMakeFiles/CMakeTmp/CheckSymbolExists.c:
/* */
#include <unistd.h>

int main(int argc, char** argv)
{
  (void)argv;
#ifndef sysconf
  return ((int*)(&sysconf))[argc];
#else
  (void)argc;
  return 0;
#endif
}
Determining if the getrusage exist passed with the following output:
Change Dir: /home/xm/Graduation/llvm-project/mlir/build/CMakeFiles/CMakeTmp

Run Build Command(s):/usr/bin/ninja cmTC_239f2 && [1/2] Building C object CMakeFiles/cmTC_239f2.dir/CheckSymbolExists.c.o
[2/2] Linking C executable cmTC_239f2


File /home/xm/Graduation/llvm-project/mlir/build/CMakeFiles/CMakeTmp/CheckSymbolExists.c:
/* */
#include <sys/resource.h>

int main(int argc, char** argv)
{
  (void)argv;
#ifndef getrusage
  return ((int*)(&getrusage))[argc];
#else
  (void)argc;
  return 0;
#endif
}
Determining if the isatty exist passed with the following output:
Change Dir: /home/xm/Graduation/llvm-project/mlir/build/CMakeFiles/CMakeTmp

Run Build Command(s):/usr/bin/ninja cmTC_11ded && [1/2] Building C object CMakeFiles/cmTC_11ded.dir/CheckSymbolExists.c.o
[2/2] Linking C executable cmTC_11ded


File /home/xm/Graduation/llvm-project/mlir/build/CMakeFiles/CMakeTmp/CheckSymbolExists.c:
/* */
#include <unistd.h>

int main(int argc, char** argv)
{
  (void)argv;
#ifndef isatty
  return ((int*)(&isatty))[argc];
#else
  (void)argc;
  return 0;
#endif
}
Determining if the futimens exist passed with the following output:
Change Dir: /home/xm/Graduation/llvm-project/mlir/build/CMakeFiles/CMakeTmp

Run Build Command(s):/usr/bin/ninja cmTC_07fae && [1/2] Building C object CMakeFiles/cmTC_07fae.dir/CheckSymbolExists.c.o
[2/2] Linking C executable cmTC_07fae


File /home/xm/Graduation/llvm-project/mlir/build/CMakeFiles/CMakeTmp/CheckSymbolExists.c:
/* */
#include <sys/stat.h>

int main(int argc, char** argv)
{
  (void)argv;
#ifndef futimens
  return ((int*)(&futimens))[argc];
#else
  (void)argc;
  return 0;
#endif
}
Determining if the futimes exist passed with the following output:
Change Dir: /home/xm/Graduation/llvm-project/mlir/build/CMakeFiles/CMakeTmp

Run Build Command(s):/usr/bin/ninja cmTC_dfa68 && [1/2] Building C object CMakeFiles/cmTC_dfa68.dir/CheckSymbolExists.c.o
[2/2] Linking C executable cmTC_dfa68


File /home/xm/Graduation/llvm-project/mlir/build/CMakeFiles/CMakeTmp/CheckSymbolExists.c:
/* */
#include <sys/time.h>

int main(int argc, char** argv)
{
  (void)argv;
#ifndef futimes
  return ((int*)(&futimes))[argc];
#else
  (void)argc;
  return 0;
#endif
}
Determining if the getauxval exist passed with the following output:
Change Dir: /home/xm/Graduation/llvm-project/mlir/build/CMakeFiles/CMakeTmp

Run Build Command(s):/usr/bin/ninja cmTC_b2f80 && [1/2] Building C object CMakeFiles/cmTC_b2f80.dir/CheckSymbolExists.c.o
[2/2] Linking C executable cmTC_b2f80


File /home/xm/Graduation/llvm-project/mlir/build/CMakeFiles/CMakeTmp/CheckSymbolExists.c:
/* */
#include <sys/auxv.h>

int main(int argc, char** argv)
{
  (void)argv;
#ifndef getauxval
  return ((int*)(&getauxval))[argc];
#else
  (void)argc;
  return 0;
#endif
}
Determining if the sigaltstack exist passed with the following output:
Change Dir: /home/xm/Graduation/llvm-project/mlir/build/CMakeFiles/CMakeTmp

Run Build Command(s):/usr/bin/ninja cmTC_5ce3d && [1/2] Building C object CMakeFiles/cmTC_5ce3d.dir/CheckSymbolExists.c.o
[2/2] Linking C executable cmTC_5ce3d


File /home/xm/Graduation/llvm-project/mlir/build/CMakeFiles/CMakeTmp/CheckSymbolExists.c:
/* */
#include <signal.h>

int main(int argc, char** argv)
{
  (void)argv;
#ifndef sigaltstack
  return ((int*)(&sigaltstack))[argc];
#else
  (void)argc;
  return 0;
#endif
}
Determining if the mallinfo exist passed with the following output:
Change Dir: /home/xm/Graduation/llvm-project/mlir/build/CMakeFiles/CMakeTmp

Run Build Command(s):/usr/bin/ninja cmTC_d16d4 && [1/2] Building C object CMakeFiles/cmTC_d16d4.dir/CheckSymbolExists.c.o
/home/xm/Graduation/llvm-project/mlir/build/CMakeFiles/CMakeTmp/CheckSymbolExists.c:8:19: warning: 'mallinfo' is deprecated [-Wdeprecated-declarations]
  return ((int*)(&mallinfo))[argc];
                  ^
/usr/include/malloc.h:114:48: note: 'mallinfo' has been explicitly marked deprecated here
extern struct mallinfo mallinfo (void) __THROW __MALLOC_DEPRECATED;
                                               ^
/usr/include/malloc.h:32:30: note: expanded from macro '__MALLOC_DEPRECATED'
# define __MALLOC_DEPRECATED __attribute_deprecated__
                             ^
/usr/include/x86_64-linux-gnu/sys/cdefs.h:339:51: note: expanded from macro '__attribute_deprecated__'
# define __attribute_deprecated__ __attribute__ ((__deprecated__))
                                                  ^
1 warning generated.
[2/2] Linking C executable cmTC_d16d4


File /home/xm/Graduation/llvm-project/mlir/build/CMakeFiles/CMakeTmp/CheckSymbolExists.c:
/* */
#include <malloc.h>

int main(int argc, char** argv)
{
  (void)argv;
#ifndef mallinfo
  return ((int*)(&mallinfo))[argc];
#else
  (void)argc;
  return 0;
#endif
}
Determining if the mallinfo2 exist passed with the following output:
Change Dir: /home/xm/Graduation/llvm-project/mlir/build/CMakeFiles/CMakeTmp

Run Build Command(s):/usr/bin/ninja cmTC_e70e6 && [1/2] Building C object CMakeFiles/cmTC_e70e6.dir/CheckSymbolExists.c.o
[2/2] Linking C executable cmTC_e70e6


File /home/xm/Graduation/llvm-project/mlir/build/CMakeFiles/CMakeTmp/CheckSymbolExists.c:
/* */
#include <malloc.h>

int main(int argc, char** argv)
{
  (void)argv;
#ifndef mallinfo2
  return ((int*)(&mallinfo2))[argc];
#else
  (void)argc;
  return 0;
#endif
}
Determining if the posix_spawn exist passed with the following output:
Change Dir: /home/xm/Graduation/llvm-project/mlir/build/CMakeFiles/CMakeTmp

Run Build Command(s):/usr/bin/ninja cmTC_29aaa && [1/2] Building C object CMakeFiles/cmTC_29aaa.dir/CheckSymbolExists.c.o
[2/2] Linking C executable cmTC_29aaa


File /home/xm/Graduation/llvm-project/mlir/build/CMakeFiles/CMakeTmp/CheckSymbolExists.c:
/* */
#include <spawn.h>

int main(int argc, char** argv)
{
  (void)argv;
#ifndef posix_spawn
  return ((int*)(&posix_spawn))[argc];
#else
  (void)argc;
  return 0;
#endif
}
Determining if the pread exist passed with the following output:
Change Dir: /home/xm/Graduation/llvm-project/mlir/build/CMakeFiles/CMakeTmp

Run Build Command(s):/usr/bin/ninja cmTC_8833c && [1/2] Building C object CMakeFiles/cmTC_8833c.dir/CheckSymbolExists.c.o
[2/2] Linking C executable cmTC_8833c


File /home/xm/Graduation/llvm-project/mlir/build/CMakeFiles/CMakeTmp/CheckSymbolExists.c:
/* */
#include <unistd.h>

int main(int argc, char** argv)
{
  (void)argv;
#ifndef pread
  return ((int*)(&pread))[argc];
#else
  (void)argc;
  return 0;
#endif
}
Determining if the sbrk exist passed with the following output:
Change Dir: /home/xm/Graduation/llvm-project/mlir/build/CMakeFiles/CMakeTmp

Run Build Command(s):/usr/bin/ninja cmTC_a63b1 && [1/2] Building C object CMakeFiles/cmTC_a63b1.dir/CheckSymbolExists.c.o
[2/2] Linking C executable cmTC_a63b1


File /home/xm/Graduation/llvm-project/mlir/build/CMakeFiles/CMakeTmp/CheckSymbolExists.c:
/* */
#include <unistd.h>

int main(int argc, char** argv)
{
  (void)argv;
#ifndef sbrk
  return ((int*)(&sbrk))[argc];
#else
  (void)argc;
  return 0;
#endif
}
Determining if the strerror_r exist passed with the following output:
Change Dir: /home/xm/Graduation/llvm-project/mlir/build/CMakeFiles/CMakeTmp

Run Build Command(s):/usr/bin/ninja cmTC_58962 && [1/2] Building C object CMakeFiles/cmTC_58962.dir/CheckSymbolExists.c.o
[2/2] Linking C executable cmTC_58962


File /home/xm/Graduation/llvm-project/mlir/build/CMakeFiles/CMakeTmp/CheckSymbolExists.c:
/* */
#include <string.h>

int main(int argc, char** argv)
{
  (void)argv;
#ifndef strerror_r
  return ((int*)(&strerror_r))[argc];
#else
  (void)argc;
  return 0;
#endif
}
Determining if the setenv exist passed with the following output:
Change Dir: /home/xm/Graduation/llvm-project/mlir/build/CMakeFiles/CMakeTmp

Run Build Command(s):/usr/bin/ninja cmTC_03c5d && [1/2] Building C object CMakeFiles/cmTC_03c5d.dir/CheckSymbolExists.c.o
[2/2] Linking C executable cmTC_03c5d


File /home/xm/Graduation/llvm-project/mlir/build/CMakeFiles/CMakeTmp/CheckSymbolExists.c:
/* */
#include <stdlib.h>

int main(int argc, char** argv)
{
  (void)argv;
#ifndef setenv
  return ((int*)(&setenv))[argc];
#else
  (void)argc;
  return 0;
#endif
}
Performing C SOURCE FILE Test HAVE_STRUCT_STAT_ST_MTIM_TV_NSEC succeeded with the following output:
Change Dir: /home/xm/Graduation/llvm-project/mlir/build/CMakeFiles/CMakeTmp

Run Build Command(s):/usr/bin/ninja cmTC_1780f && [1/2] Building C object CMakeFiles/cmTC_1780f.dir/src.c.o
[2/2] Linking C executable cmTC_1780f


Source file was:

#include <sys/types.h>
#include <sys/stat.h>

int main()
{
  (void)sizeof(((struct stat *)0)->st_mtim.tv_nsec);
  return 0;
}

Determining if the pthread_getname_np exist passed with the following output:
Change Dir: /home/xm/Graduation/llvm-project/mlir/build/CMakeFiles/CMakeTmp

Run Build Command(s):/usr/bin/ninja cmTC_15fce && [1/2] Building C object CMakeFiles/cmTC_15fce.dir/CheckSymbolExists.c.o
[2/2] Linking C executable cmTC_15fce


File /home/xm/Graduation/llvm-project/mlir/build/CMakeFiles/CMakeTmp/CheckSymbolExists.c:
/* */
#include <pthread.h>

int main(int argc, char** argv)
{
  (void)argv;
#ifndef pthread_getname_np
  return ((int*)(&pthread_getname_np))[argc];
#else
  (void)argc;
  return 0;
#endif
}
Determining if the pthread_setname_np exist passed with the following output:
Change Dir: /home/xm/Graduation/llvm-project/mlir/build/CMakeFiles/CMakeTmp

Run Build Command(s):/usr/bin/ninja cmTC_3f4df && [1/2] Building C object CMakeFiles/cmTC_3f4df.dir/CheckSymbolExists.c.o
[2/2] Linking C executable cmTC_3f4df


File /home/xm/Graduation/llvm-project/mlir/build/CMakeFiles/CMakeTmp/CheckSymbolExists.c:
/* */
#include <pthread.h>

int main(int argc, char** argv)
{
  (void)argv;
#ifndef pthread_setname_np
  return ((int*)(&pthread_setname_np))[argc];
#else
  (void)argc;
  return 0;
#endif
}
Determining if the dlopen exist passed with the following output:
Change Dir: /home/xm/Graduation/llvm-project/mlir/build/CMakeFiles/CMakeTmp

Run Build Command(s):/usr/bin/ninja cmTC_4b2f6 && [1/2] Building C object CMakeFiles/cmTC_4b2f6.dir/CheckSymbolExists.c.o
[2/2] Linking C executable cmTC_4b2f6


File /home/xm/Graduation/llvm-project/mlir/build/CMakeFiles/CMakeTmp/CheckSymbolExists.c:
/* */
#include <dlfcn.h>

int main(int argc, char** argv)
{
  (void)argv;
#ifndef dlopen
  return ((int*)(&dlopen))[argc];
#else
  (void)argc;
  return 0;
#endif
}
Performing C++ SOURCE FILE Test HAVE_CXX_ATOMICS_WITHOUT_LIB succeeded with the following output:
Change Dir: /home/xm/Graduation/llvm-project/mlir/build/CMakeFiles/CMakeTmp

Run Build Command(s):/usr/bin/ninja cmTC_7333d && [1/2] Building CXX object CMakeFiles/cmTC_7333d.dir/src.cxx.o
[2/2] Linking CXX executable cmTC_7333d


Source file was:

#include <atomic>
std::atomic<int> x;
std::atomic<short> y;
std::atomic<char> z;
int main() {
  ++z;
  ++y;
  return ++x;
}

Performing C++ SOURCE FILE Test HAVE_CXX_ATOMICS64_WITHOUT_LIB succeeded with the following output:
Change Dir: /home/xm/Graduation/llvm-project/mlir/build/CMakeFiles/CMakeTmp

Run Build Command(s):/usr/bin/ninja cmTC_c256b && [1/2] Building CXX object CMakeFiles/cmTC_c256b.dir/src.cxx.o
[2/2] Linking CXX executable cmTC_c256b


Source file was:

#include <atomic>
#include <cstdint>
std::atomic<uint64_t> x (0);
int main() {
  uint64_t i = x.load(std::memory_order_relaxed);
  (void)i;
  return 0;
}

Performing C++ SOURCE FILE Test LLVM_HAS_ATOMICS succeeded with the following output:
Change Dir: /home/xm/Graduation/llvm-project/mlir/build/CMakeFiles/CMakeTmp

Run Build Command(s):/usr/bin/ninja cmTC_4cbfb && [1/2] Building CXX object CMakeFiles/cmTC_4cbfb.dir/src.cxx.o
[2/2] Linking CXX executable cmTC_4cbfb


Source file was:

#ifdef _MSC_VER
#include <windows.h>
#endif
int main() {
#ifdef _MSC_VER
        volatile LONG val = 1;
        MemoryBarrier();
        InterlockedCompareExchange(&val, 0, 1);
        InterlockedIncrement(&val);
        InterlockedDecrement(&val);
#else
        volatile unsigned long val = 1;
        __sync_synchronize();
        __sync_val_compare_and_swap(&val, 1, 0);
        __sync_add_and_fetch(&val, 1);
        __sync_sub_and_fetch(&val, 1);
#endif
        return 0;
      }

Performing C++ SOURCE FILE Test CXX_SUPPORTS_CUSTOM_LINKER succeeded with the following output:
Change Dir: /home/xm/Graduation/llvm-project/mlir/build/CMakeFiles/CMakeTmp

Run Build Command(s):/usr/bin/ninja cmTC_87f9c && [1/2] Building CXX object CMakeFiles/cmTC_87f9c.dir/src.cxx.o
[2/2] Linking CXX executable cmTC_87f9c


Source file was:
int main() { return 0; }
Performing C SOURCE FILE Test C_SUPPORTS_FPIC succeeded with the following output:
Change Dir: /home/xm/Graduation/llvm-project/mlir/build/CMakeFiles/CMakeTmp

Run Build Command(s):/usr/bin/ninja cmTC_8ec8c && [1/2] Building C object CMakeFiles/cmTC_8ec8c.dir/src.c.o
[2/2] Linking C executable cmTC_8ec8c


Source file was:
int main(void) { return 0; }
Performing C++ SOURCE FILE Test CXX_SUPPORTS_FPIC succeeded with the following output:
Change Dir: /home/xm/Graduation/llvm-project/mlir/build/CMakeFiles/CMakeTmp

Run Build Command(s):/usr/bin/ninja cmTC_6ff54 && [1/2] Building CXX object CMakeFiles/cmTC_6ff54.dir/src.cxx.o
[2/2] Linking CXX executable cmTC_6ff54


Source file was:
int main() { return 0; }
Performing C SOURCE FILE Test C_SUPPORTS_FNO_SEMANTIC_INTERPOSITION succeeded with the following output:
Change Dir: /home/xm/Graduation/llvm-project/mlir/build/CMakeFiles/CMakeTmp

Run Build Command(s):/usr/bin/ninja cmTC_5103c && [1/2] Building C object CMakeFiles/cmTC_5103c.dir/src.c.o
[2/2] Linking C executable cmTC_5103c


Source file was:
int main(void) { return 0; }
Performing C++ SOURCE FILE Test CXX_SUPPORTS_FNO_SEMANTIC_INTERPOSITION succeeded with the following output:
Change Dir: /home/xm/Graduation/llvm-project/mlir/build/CMakeFiles/CMakeTmp

Run Build Command(s):/usr/bin/ninja cmTC_4b79a && [1/2] Building CXX object CMakeFiles/cmTC_4b79a.dir/src.cxx.o
[2/2] Linking CXX executable cmTC_4b79a


Source file was:
int main() { return 0; }
Performing C++ SOURCE FILE Test SUPPORTS_FVISIBILITY_INLINES_HIDDEN_FLAG succeeded with the following output:
Change Dir: /home/xm/Graduation/llvm-project/mlir/build/CMakeFiles/CMakeTmp

Run Build Command(s):/usr/bin/ninja cmTC_45002 && [1/2] Building CXX object CMakeFiles/cmTC_45002.dir/src.cxx.o
[2/2] Linking CXX executable cmTC_45002


Source file was:
int main() { return 0; }
Performing C SOURCE FILE Test C_SUPPORTS_CXX98_COMPAT_EXTRA_SEMI_FLAG succeeded with the following output:
Change Dir: /home/xm/Graduation/llvm-project/mlir/build/CMakeFiles/CMakeTmp

Run Build Command(s):/usr/bin/ninja cmTC_bc27b && [1/2] Building C object CMakeFiles/cmTC_bc27b.dir/src.c.o
[2/2] Linking C executable cmTC_bc27b


Source file was:
int main(void) { return 0; }
Performing C++ SOURCE FILE Test CXX_SUPPORTS_CXX98_COMPAT_EXTRA_SEMI_FLAG succeeded with the following output:
Change Dir: /home/xm/Graduation/llvm-project/mlir/build/CMakeFiles/CMakeTmp

Run Build Command(s):/usr/bin/ninja cmTC_10f1f && [1/2] Building CXX object CMakeFiles/cmTC_10f1f.dir/src.cxx.o
[2/2] Linking CXX executable cmTC_10f1f


Source file was:
int main() { return 0; }
Performing C++ SOURCE FILE Test CXX_SUPPORTS_SUGGEST_OVERRIDE_FLAG succeeded with the following output:
Change Dir: /home/xm/Graduation/llvm-project/mlir/build/CMakeFiles/CMakeTmp

Run Build Command(s):/usr/bin/ninja cmTC_11c7b && [1/2] Building CXX object CMakeFiles/cmTC_11c7b.dir/src.cxx.o
[2/2] Linking CXX executable cmTC_11c7b


Source file was:
int main() { return 0; }
Performing C++ SOURCE FILE Test CXX_WSUGGEST_OVERRIDE_ALLOWS_ONLY_FINAL succeeded with the following output:
Change Dir: /home/xm/Graduation/llvm-project/mlir/build/CMakeFiles/CMakeTmp

Run Build Command(s):/usr/bin/ninja cmTC_95aa3 && [1/2] Building CXX object CMakeFiles/cmTC_95aa3.dir/src.cxx.o
/home/xm/Graduation/llvm-project/mlir/build/CMakeFiles/CMakeTmp/src.cxx:1:7: warning: 'base' has virtual functions but non-virtual destructor [-Wnon-virtual-dtor]
class base {public: virtual void anchor();};
      ^
/home/xm/Graduation/llvm-project/mlir/build/CMakeFiles/CMakeTmp/src.cxx:2:38: warning: 'derived' has virtual functions but non-virtual destructor [-Wnon-virtual-dtor]
                               class derived : base {public: void anchor() final;};
                                     ^
2 warnings generated.
[2/2] Linking CXX executable cmTC_95aa3


Source file was:
class base {public: virtual void anchor();};
                               class derived : base {public: void anchor() final;};
                               int main() { return 0; }
Performing C SOURCE FILE Test C_WCOMMENT_ALLOWS_LINE_WRAP succeeded with the following output:
Change Dir: /home/xm/Graduation/llvm-project/mlir/build/CMakeFiles/CMakeTmp

Run Build Command(s):/usr/bin/ninja cmTC_6fe8b && [1/2] Building C object CMakeFiles/cmTC_6fe8b.dir/src.c.o
[2/2] Linking C executable cmTC_6fe8b


Source file was:
// \
//
int main(void) {return 0;}
Performing C SOURCE FILE Test C_SUPPORTS_MISLEADING_INDENTATION_FLAG succeeded with the following output:
Change Dir: /home/xm/Graduation/llvm-project/mlir/build/CMakeFiles/CMakeTmp

Run Build Command(s):/usr/bin/ninja cmTC_de999 && [1/2] Building C object CMakeFiles/cmTC_de999.dir/src.c.o
[2/2] Linking C executable cmTC_de999


Source file was:
int main(void) { return 0; }
Performing C++ SOURCE FILE Test CXX_SUPPORTS_MISLEADING_INDENTATION_FLAG succeeded with the following output:
Change Dir: /home/xm/Graduation/llvm-project/mlir/build/CMakeFiles/CMakeTmp

Run Build Command(s):/usr/bin/ninja cmTC_3fa17 && [1/2] Building CXX object CMakeFiles/cmTC_3fa17.dir/src.cxx.o
[2/2] Linking CXX executable cmTC_3fa17


Source file was:
int main() { return 0; }
Performing C SOURCE FILE Test C_SUPPORTS_CTAD_MAYBE_UNSPPORTED_FLAG succeeded with the following output:
Change Dir: /home/xm/Graduation/llvm-project/mlir/build/CMakeFiles/CMakeTmp

Run Build Command(s):/usr/bin/ninja cmTC_5ff00 && [1/2] Building C object CMakeFiles/cmTC_5ff00.dir/src.c.o
[2/2] Linking C executable cmTC_5ff00


Source file was:
int main(void) { return 0; }
Performing C++ SOURCE FILE Test CXX_SUPPORTS_CTAD_MAYBE_UNSPPORTED_FLAG succeeded with the following output:
Change Dir: /home/xm/Graduation/llvm-project/mlir/build/CMakeFiles/CMakeTmp

Run Build Command(s):/usr/bin/ninja cmTC_5e227 && [1/2] Building CXX object CMakeFiles/cmTC_5e227.dir/src.cxx.o
[2/2] Linking CXX executable cmTC_5e227


Source file was:
int main() { return 0; }
Performing C++ SOURCE FILE Test LINKER_SUPPORTS_COLOR_DIAGNOSTICS succeeded with the following output:
Change Dir: /home/xm/Graduation/llvm-project/mlir/build/CMakeFiles/CMakeTmp

Run Build Command(s):/usr/bin/ninja cmTC_ef514 && [1/2] Building CXX object CMakeFiles/cmTC_ef514.dir/src.cxx.o
[2/2] Linking CXX executable cmTC_ef514


Source file was:
int main() { return 0; }
Performing C++ SOURCE FILE Test HAS_WERROR_GLOBAL_CTORS succeeded with the following output:
Change Dir: /home/xm/Graduation/llvm-project/mlir/build/CMakeFiles/CMakeTmp

Run Build Command(s):/usr/bin/ninja cmTC_c7ecc && [1/2] Building CXX object CMakeFiles/cmTC_c7ecc.dir/src.cxx.o
[2/2] Linking CXX executable cmTC_c7ecc


Source file was:
int main() { return 0; }
Performing C++ SOURCE FILE Test LLVM_HAS_NOGLOBAL_CTOR_MUTEX succeeded with the following output:
Change Dir: /home/xm/Graduation/llvm-project/mlir/build/CMakeFiles/CMakeTmp

Run Build Command(s):/usr/bin/ninja cmTC_35a9b && [1/2] Building CXX object CMakeFiles/cmTC_35a9b.dir/src.cxx.o
[2/2] Linking CXX executable cmTC_35a9b


Source file was:

  #include <mutex>
  static std::mutex TestGlobalCtorDtor;
  static std::recursive_mutex TestGlobalCtorDtor2;
  int main() { (void)TestGlobalCtorDtor; (void)TestGlobalCtorDtor2; return 0;}
  
Determining if the __x86_64__ exist passed with the following output:
Change Dir: /home/xm/Graduation/llvm-project/mlir/build/CMakeFiles/CMakeTmp

Run Build Command(s):/usr/bin/ninja cmTC_cf2e6 && [1/2] Building C object CMakeFiles/cmTC_cf2e6.dir/CheckSymbolExists.c.o
[2/2] Linking C executable cmTC_cf2e6


File /home/xm/Graduation/llvm-project/mlir/build/CMakeFiles/CMakeTmp/CheckSymbolExists.c:
/* */

int main(int argc, char** argv)
{
  (void)argv;
#ifndef __x86_64__
  return ((int*)(&__x86_64__))[argc];
#else
  (void)argc;
  return 0;
#endif
}
Performing C SOURCE FILE Test C_SUPPORTS_WERROR_IMPLICIT_FUNCTION_DECLARATION succeeded with the following output:
Change Dir: /home/xm/Graduation/llvm-project/mlir/build/CMakeFiles/CMakeTmp

Run Build Command(s):/usr/bin/ninja cmTC_e25e1 && [1/2] Building C object CMakeFiles/cmTC_e25e1.dir/src.c.o
[2/2] Linking C executable cmTC_e25e1


Source file was:
int main(void) { return 0; }
Performing C SOURCE FILE Test C_SUPPORTS_WUNDEF succeeded with the following output:
Change Dir: /home/xm/Graduation/llvm-project/mlir/build/CMakeFiles/CMakeTmp

Run Build Command(s):/usr/bin/ninja cmTC_7e82c && [1/2] Building C object CMakeFiles/cmTC_7e82c.dir/src.c.o
[2/2] Linking C executable cmTC_7e82c


Source file was:
int main(void) { return 0; }
Performing C SOURCE FILE Test C_SUPPORTS_WERROR_MISMATCHED_TAGS succeeded with the following output:
Change Dir: /home/xm/Graduation/llvm-project/mlir/build/CMakeFiles/CMakeTmp

Run Build Command(s):/usr/bin/ninja cmTC_38244 && [1/2] Building C object CMakeFiles/cmTC_38244.dir/src.c.o
[2/2] Linking C executable cmTC_38244


Source file was:
int main(void) { return 0; }
Performing C SOURCE FILE Test C_SUPPORTS_WERROR_GLOBAL_CONSTRUCTOR succeeded with the following output:
Change Dir: /home/xm/Graduation/llvm-project/mlir/build/CMakeFiles/CMakeTmp

Run Build Command(s):/usr/bin/ninja cmTC_6c6c7 && [1/2] Building C object CMakeFiles/cmTC_6c6c7.dir/src.c.o
[2/2] Linking C executable cmTC_6c6c7


Source file was:
int main(void) { return 0; }
Performing C++ SOURCE FILE Test CXX_SUPPORTS_WERROR_GLOBAL_CONSTRUCTOR succeeded with the following output:
Change Dir: /home/xm/Graduation/llvm-project/mlir/build/CMakeFiles/CMakeTmp

Run Build Command(s):/usr/bin/ninja cmTC_63e1a && [1/2] Building CXX object CMakeFiles/cmTC_63e1a.dir/src.cxx.o
[2/2] Linking CXX executable cmTC_63e1a


Source file was:
int main() { return 0; }
Performing C++ SOURCE FILE Test COMPILER_SUPPORTS_WARNING_WEAK_VTABLES succeeded with the following output:
Change Dir: /home/xm/Graduation/llvm-project/mlir/build/CMakeFiles/CMakeTmp

Run Build Command(s):/usr/bin/ninja cmTC_96f42 && [1/2] Building CXX object CMakeFiles/cmTC_96f42.dir/src.cxx.o
[2/2] Linking CXX executable cmTC_96f42


Source file was:
int main() { return 0; }
Determining if the function shm_open exists in the rt passed with the following output:
Change Dir: /home/xm/Graduation/llvm-project/mlir/build/CMakeFiles/CMakeTmp

Run Build Command(s):/usr/bin/ninja cmTC_aad74 && [1/2] Building C object CMakeFiles/cmTC_aad74.dir/CheckFunctionExists.c.o
[2/2] Linking C executable cmTC_aad74



Performing C++ SOURCE FILE Test HAVE_CXX_FLAG_WALL succeeded with the following output:
Change Dir: /home/xm/Graduation/llvm-project/mlir/build/CMakeFiles/CMakeTmp

Run Build Command(s):/usr/bin/ninja cmTC_0d0ec && [1/2] Building CXX object CMakeFiles/cmTC_0d0ec.dir/src.cxx.o
[2/2] Linking CXX executable cmTC_0d0ec


Source file was:
int main() { return 0; }
Performing C++ SOURCE FILE Test HAVE_CXX_FLAG_WEXTRA succeeded with the following output:
Change Dir: /home/xm/Graduation/llvm-project/mlir/build/CMakeFiles/CMakeTmp

Run Build Command(s):/usr/bin/ninja cmTC_053b2 && [1/2] Building CXX object CMakeFiles/cmTC_053b2.dir/src.cxx.o
[2/2] Linking CXX executable cmTC_053b2


Source file was:
int main() { return 0; }
Performing C++ SOURCE FILE Test HAVE_CXX_FLAG_WSHADOW succeeded with the following output:
Change Dir: /home/xm/Graduation/llvm-project/mlir/build/CMakeFiles/CMakeTmp

Run Build Command(s):/usr/bin/ninja cmTC_01ce0 && [1/2] Building CXX object CMakeFiles/cmTC_01ce0.dir/src.cxx.o
[2/2] Linking CXX executable cmTC_01ce0


Source file was:
int main() { return 0; }
Performing C++ SOURCE FILE Test HAVE_CXX_FLAG_WFLOAT_EQUAL succeeded with the following output:
Change Dir: /home/xm/Graduation/llvm-project/mlir/build/CMakeFiles/CMakeTmp

Run Build Command(s):/usr/bin/ninja cmTC_3002a && [1/2] Building CXX object CMakeFiles/cmTC_3002a.dir/src.cxx.o
[2/2] Linking CXX executable cmTC_3002a


Source file was:
int main() { return 0; }
Performing C++ SOURCE FILE Test HAVE_CXX_FLAG_WOLD_STYLE_CAST succeeded with the following output:
Change Dir: /home/xm/Graduation/llvm-project/mlir/build/CMakeFiles/CMakeTmp

Run Build Command(s):/usr/bin/ninja cmTC_0ecde && [1/2] Building CXX object CMakeFiles/cmTC_0ecde.dir/src.cxx.o
[2/2] Linking CXX executable cmTC_0ecde


Source file was:
int main() { return 0; }
Performing C++ SOURCE FILE Test HAVE_CXX_FLAG_WSUGGEST_OVERRIDE succeeded with the following output:
Change Dir: /home/xm/Graduation/llvm-project/mlir/build/CMakeFiles/CMakeTmp

Run Build Command(s):/usr/bin/ninja cmTC_11ed9 && [1/2] Building CXX object CMakeFiles/cmTC_11ed9.dir/src.cxx.o
[2/2] Linking CXX executable cmTC_11ed9


Source file was:
int main() { return 0; }
Performing C++ SOURCE FILE Test HAVE_CXX_FLAG_PEDANTIC succeeded with the following output:
Change Dir: /home/xm/Graduation/llvm-project/mlir/build/CMakeFiles/CMakeTmp

Run Build Command(s):/usr/bin/ninja cmTC_bab06 && [1/2] Building CXX object CMakeFiles/cmTC_bab06.dir/src.cxx.o
[2/2] Linking CXX executable cmTC_bab06


Source file was:
int main() { return 0; }
Performing C++ SOURCE FILE Test HAVE_CXX_FLAG_PEDANTIC_ERRORS succeeded with the following output:
Change Dir: /home/xm/Graduation/llvm-project/mlir/build/CMakeFiles/CMakeTmp

Run Build Command(s):/usr/bin/ninja cmTC_a9290 && [1/2] Building CXX object CMakeFiles/cmTC_a9290.dir/src.cxx.o
[2/2] Linking CXX executable cmTC_a9290


Source file was:
int main() { return 0; }
Performing C++ SOURCE FILE Test HAVE_CXX_FLAG_WSHORTEN_64_TO_32 succeeded with the following output:
Change Dir: /home/xm/Graduation/llvm-project/mlir/build/CMakeFiles/CMakeTmp

Run Build Command(s):/usr/bin/ninja cmTC_1fb9a && [1/2] Building CXX object CMakeFiles/cmTC_1fb9a.dir/src.cxx.o
[2/2] Linking CXX executable cmTC_1fb9a


Source file was:
int main() { return 0; }
Performing C++ SOURCE FILE Test HAVE_CXX_FLAG_FSTRICT_ALIASING succeeded with the following output:
Change Dir: /home/xm/Graduation/llvm-project/mlir/build/CMakeFiles/CMakeTmp

Run Build Command(s):/usr/bin/ninja cmTC_ce6ed && [1/2] Building CXX object CMakeFiles/cmTC_ce6ed.dir/src.cxx.o
[2/2] Linking CXX executable cmTC_ce6ed


Source file was:
int main() { return 0; }
Performing C++ SOURCE FILE Test HAVE_CXX_FLAG_WNO_DEPRECATED_DECLARATIONS succeeded with the following output:
Change Dir: /home/xm/Graduation/llvm-project/mlir/build/CMakeFiles/CMakeTmp

Run Build Command(s):/usr/bin/ninja cmTC_e861f && [1/2] Building CXX object CMakeFiles/cmTC_e861f.dir/src.cxx.o
[2/2] Linking CXX executable cmTC_e861f


Source file was:
int main() { return 0; }
Performing C++ SOURCE FILE Test HAVE_CXX_FLAG_FNO_EXCEPTIONS succeeded with the following output:
Change Dir: /home/xm/Graduation/llvm-project/mlir/build/CMakeFiles/CMakeTmp

Run Build Command(s):/usr/bin/ninja cmTC_3f0a2 && [1/2] Building CXX object CMakeFiles/cmTC_3f0a2.dir/src.cxx.o
[2/2] Linking CXX executable cmTC_3f0a2


Source file was:
int main() { return 0; }
Performing C++ SOURCE FILE Test HAVE_CXX_FLAG_WSTRICT_ALIASING succeeded with the following output:
Change Dir: /home/xm/Graduation/llvm-project/mlir/build/CMakeFiles/CMakeTmp

Run Build Command(s):/usr/bin/ninja cmTC_61bd6 && [1/2] Building CXX object CMakeFiles/cmTC_61bd6.dir/src.cxx.o
[2/2] Linking CXX executable cmTC_61bd6


Source file was:
int main() { return 0; }
Performing C++ SOURCE FILE Test HAVE_CXX_FLAG_WTHREAD_SAFETY succeeded with the following output:
Change Dir: /home/xm/Graduation/llvm-project/mlir/build/CMakeFiles/CMakeTmp

Run Build Command(s):/usr/bin/ninja cmTC_989f8 && [1/2] Building CXX object CMakeFiles/cmTC_989f8.dir/src.cxx.o
[2/2] Linking CXX executable cmTC_989f8


Source file was:
int main() { return 0; }
Performing C++ SOURCE FILE Test HAVE_CXX_FLAG_COVERAGE succeeded with the following output:
Change Dir: /home/xm/Graduation/llvm-project/mlir/build/CMakeFiles/CMakeTmp

Run Build Command(s):/usr/bin/ninja cmTC_10812 && [1/2] Building CXX object CMakeFiles/cmTC_10812.dir/src.cxx.o
[2/2] Linking CXX executable cmTC_10812


Source file was:
int main() { return 0; }
